2018-06-29 16:15:45,462 test_manlogin.py[line: 52] INFO: 'bool' object has no attribute 'text'
2018-06-29 16:16:25,385 test_manlogin.py[line: 52] INFO: 'bool' object has no attribute 'text'
2018-06-29 16:17:05,302 test_manlogin.py[line: 52] INFO: 'bool' object has no attribute 'text'
2018-06-29 16:17:26,650 test_changepwd.py[line: 122] INFO: list index out of range
2018-06-29 16:18:08,875 test_editinfo.py[line: 74] INFO: list index out of range
2018-06-29 16:18:22,915 test_editinfo.py[line: 74] INFO: list index out of range
2018-06-29 16:20:41,604 test_manlogin.py[line: 52] INFO: 'bool' object has no attribute 'text'
2018-06-29 16:23:49,330 test_manlogin.py[line: 52] INFO: 'test' != '金战军'
- test
+ 金战军

2018-06-29 16:24:21,563 test_manlogin.py[line: 52] INFO: 'bool' object has no attribute 'clear'
2018-06-29 16:24:54,001 test_manlogin.py[line: 52] INFO: 'bool' object has no attribute 'clear'
2018-06-29 16:26:21,942 test_changepwd.py[line: 79] INFO: list index out of range
2018-06-29 16:26:45,238 test_editinfo.py[line: 74] INFO: list index out of range
2018-06-29 16:26:58,872 test_editinfo.py[line: 74] INFO: list index out of range
2018-06-29 16:27:12,844 test_editinfo.py[line: 74] INFO: list index out of range
2018-06-29 16:27:26,512 test_editinfo.py[line: 127] INFO: list index out of range
2018-06-29 16:49:24,393 test_editinfo.py[line: 74] INFO: list index out of range
2018-06-29 16:49:39,988 test_editinfo.py[line: 74] INFO: list index out of range
2018-06-29 16:49:55,412 test_editinfo.py[line: 74] INFO: list index out of range
2018-06-29 16:53:28,116 test_identityinfo.py[line: 70] INFO: '更换手机号' != '个人中心'
- 更换手机号
+ 个人中心

2018-06-29 16:53:41,680 test_identityinfo.py[line: 70] INFO: '更换手机号' != '个人中心'
- 更换手机号
+ 个人中心

2018-06-29 16:53:55,069 test_identityinfo.py[line: 70] INFO: '更换手机号' != '个人中心'
- 更换手机号
+ 个人中心

