2018-07-04 13:42:24,611 individual.py[line: 134] INFO:  :: False != True
2018-07-04 13:48:06,615 individual.py[line: 144] INFO: click_template() takes 1 positional argument but 2 were given
2018-07-04 13:48:46,362 individual.py[line: 144] INFO: click_template() takes 1 positional argument but 2 were given
2018-07-04 13:51:32,176 individual.py[line: 143] INFO:  :: False != True
2018-07-04 14:07:38,387 individual.py[line: 157] INFO: list index out of range
2018-07-04 14:08:12,667 individual.py[line: 158] INFO:  :: 未分配 != 已分配
2018-07-04 14:30:58,381 test_individual.py[line: 210] INFO: find_client() missing 1 required positional argument: 'name'
2018-07-04 14:31:42,841 test_individual.py[line: 210] INFO: 'list' object has no attribute 'rowNum'
2018-07-04 14:33:36,479 test_individual.py[line: 210] INFO: 'list' object has no attribute 'rowNum'
2018-07-04 14:35:58,125 test_individual.py[line: 210] INFO: 'list' object has no attribute 'len'
2018-07-04 16:27:15,471 test_individual.py[line: 270] INFO: tuple index out of range
2018-07-04 16:29:10,878 test_individual.py[line: 275] INFO: tuple index out of range
2018-07-04 16:29:52,807 test_individual.py[line: 276] INFO: tuple index out of range
2018-07-04 16:30:43,001 test_individual.py[line: 276] INFO: tuple index out of range
2018-07-04 16:31:56,134 test_individual.py[line: 276] INFO: unsupported operand type(s) for +: 'float' and 'str'
2018-07-04 16:34:47,946 test_individual.py[line: 276] INFO: 'NoneType' object is not subscriptable
2018-07-04 16:36:12,117 test_individual.py[line: 279] INFO: 'NoneType' object is not subscriptable
2018-07-04 16:41:01,384 test_individual.py[line: 279] INFO: 'NoneType' object is not subscriptable
2018-07-04 16:42:08,937 test_individual.py[line: 264] INFO: 'NoneType' object is not subscriptable
2018-07-04 17:29:06,316 test_individual.py[line: 267] INFO: list index out of range
2018-07-04 18:25:03,353 test_individual.py[line: 142] INFO:  :: False != True
2018-07-04 18:32:31,661 test_individual.py[line: 146] INFO:  :: False != True
