2018-06-01 18:11:34,919 test_purchase.py[line: 62] INFO: 'bool' object has no attribute 'click'
2018-06-01 18:12:19,225 test_purchase.py[line: 62] INFO: 'bool' object has no attribute 'click'
2018-06-01 18:13:03,540 test_purchase.py[line: 62] INFO: 'bool' object has no attribute 'click'
2018-06-01 18:14:19,402 test_editinfo.py[line: 132] INFO: 'bool' object has no attribute 'text'
2018-06-01 18:34:10,946 test_product_agreement.py[line: 54] INFO: '查看更高风险等级的产品' != ''
- 查看更高风险等级的产品
+ 

2018-06-01 18:34:25,315 test_product_agreement.py[line: 54] INFO: '查看更高风险等级的产品' != ''
- 查看更高风险等级的产品
+ 

2018-06-01 18:34:40,194 test_product_agreement.py[line: 54] INFO: '查看更高风险等级的产品' != ''
- 查看更高风险等级的产品
+ 

2018-06-01 18:36:49,333 test_product_info.py[line: 127] INFO: Message: Element is not clickable at point (696.6666870117188, 160.5). Other element would receive the click: <li class="el-select-dropdown__item" data-v-49f1192e=""></li>

2018-06-01 18:38:03,743 test_product_list.py[line: 47] INFO: 'bool' object has no attribute 'text'
2018-06-01 18:38:47,148 test_product_list.py[line: 47] INFO: 'bool' object has no attribute 'text'
2018-06-01 18:40:19,066 test_product_list.py[line: 108] INFO: Message: Element is not currently visible and so may not be interacted with
Stacktrace:
    at fxdriver.preconditions.visible (file:///C:/Users/ADMINI~1/AppData/Local/Temp/tmpn6vtec7y/extensions/fxdriver@googlecode.com/components/command-processor.js:10092)
    at DelayedCommand.prototype.checkPreconditions_ (file:///C:/Users/ADMINI~1/AppData/Local/Temp/tmpn6vtec7y/extensions/fxdriver@googlecode.com/components/command-processor.js:12644)
    at DelayedCommand.prototype.executeInternal_/h (file:///C:/Users/ADMINI~1/AppData/Local/Temp/tmpn6vtec7y/extensions/fxdriver@googlecode.com/components/command-processor.js:12661)
    at fxdriver.Timer.prototype.setTimeout/<.notify (file:///C:/Users/ADMINI~1/AppData/Local/Temp/tmpn6vtec7y/extensions/fxdriver@googlecode.com/components/command-processor.js:625)
2018-06-01 18:41:00,388 test_product_list.py[line: 108] INFO: Message: Element is not currently visible and so may not be interacted with
Stacktrace:
    at fxdriver.preconditions.visible (file:///C:/Users/ADMINI~1/AppData/Local/Temp/tmpn6vtec7y/extensions/fxdriver@googlecode.com/components/command-processor.js:10092)
    at DelayedCommand.prototype.checkPreconditions_ (file:///C:/Users/ADMINI~1/AppData/Local/Temp/tmpn6vtec7y/extensions/fxdriver@googlecode.com/components/command-processor.js:12644)
    at DelayedCommand.prototype.executeInternal_/h (file:///C:/Users/ADMINI~1/AppData/Local/Temp/tmpn6vtec7y/extensions/fxdriver@googlecode.com/components/command-processor.js:12661)
    at fxdriver.Timer.prototype.setTimeout/<.notify (file:///C:/Users/ADMINI~1/AppData/Local/Temp/tmpn6vtec7y/extensions/fxdriver@googlecode.com/components/command-processor.js:625)
2018-06-01 18:41:42,630 test_product_list.py[line: 108] INFO: Message: Element is not currently visible and so may not be interacted with
Stacktrace:
    at fxdriver.preconditions.visible (file:///C:/Users/ADMINI~1/AppData/Local/Temp/tmpn6vtec7y/extensions/fxdriver@googlecode.com/components/command-processor.js:10092)
    at DelayedCommand.prototype.checkPreconditions_ (file:///C:/Users/ADMINI~1/AppData/Local/Temp/tmpn6vtec7y/extensions/fxdriver@googlecode.com/components/command-processor.js:12644)
    at DelayedCommand.prototype.executeInternal_/h (file:///C:/Users/ADMINI~1/AppData/Local/Temp/tmpn6vtec7y/extensions/fxdriver@googlecode.com/components/command-processor.js:12661)
    at fxdriver.Timer.prototype.setTimeout/<.notify (file:///C:/Users/ADMINI~1/AppData/Local/Temp/tmpn6vtec7y/extensions/fxdriver@googlecode.com/components/command-processor.js:625)
2018-06-01 18:42:27,305 test_product_list.py[line: 96] INFO: 'bool' object has no attribute 'text'
2018-06-01 18:43:11,757 test_product_list.py[line: 96] INFO: 'bool' object has no attribute 'text'
2018-06-01 18:43:56,824 test_product_list.py[line: 96] INFO: 'bool' object has no attribute 'text'
2018-06-01 18:45:16,866 test_product_subscription_riskDisclosure.py[line: 66] INFO: '申购申请' != ''
- 申购申请
+ 

