2018-07-03 10:27:43,016 test_report.py[line: 65] INFO: '资舟投资基金R31' != '资舟投资基金R3'
- 资舟投资基金R31
?         -
+ 资舟投资基金R3

2018-07-03 10:27:59,313 test_report.py[line: 65] INFO: '资舟投资基金R31' != '资舟投资基金R3'
- 资舟投资基金R31
?         -
+ 资舟投资基金R3

2018-07-03 10:28:15,150 test_report.py[line: 65] INFO: '资舟投资基金R31' != '资舟投资基金R3'
- 资舟投资基金R31
?         -
+ 资舟投资基金R3

2018-07-03 10:28:30,910 test_report.py[line: 65] INFO: '资舟投资基金R31' != '资舟投资基金R3'
- 资舟投资基金R31
?         -
+ 资舟投资基金R3

2018-07-03 10:28:46,939 test_report.py[line: 65] INFO: '资舟投资基金R31' != '资舟投资基金R3'
- 资舟投资基金R31
?         -
+ 资舟投资基金R3

2018-07-03 10:29:02,639 test_report.py[line: 65] INFO: '资舟投资基金R31' != '资舟投资基金R3'
- 资舟投资基金R31
?         -
+ 资舟投资基金R3

2018-07-03 10:29:18,347 test_report.py[line: 65] INFO: '资舟投资基金R31' != '资舟投资基金R3'
- 资舟投资基金R31
?         -
+ 资舟投资基金R3

2018-07-03 10:29:33,950 test_report.py[line: 65] INFO: '资舟投资基金R31' != '资舟投资基金R3'
- 资舟投资基金R31
?         -
+ 资舟投资基金R3

2018-07-03 10:29:49,673 test_report.py[line: 65] INFO: '资舟投资基金R31' != '资舟投资基金R3'
- 资舟投资基金R31
?         -
+ 资舟投资基金R3

2018-07-03 10:30:05,434 test_report.py[line: 65] INFO: '资舟投资基金R31' != '资舟投资基金R3'
- 资舟投资基金R31
?         -
+ 资舟投资基金R3

2018-07-03 10:30:21,106 test_report.py[line: 65] INFO: '资舟投资基金R31' != '资舟投资基金R3'
- 资舟投资基金R31
?         -
+ 资舟投资基金R3

2018-07-03 10:30:37,301 test_report.py[line: 65] INFO: '资舟投资基金R31' != '资舟投资基金R3'
- 资舟投资基金R31
?         -
+ 资舟投资基金R3

2018-07-03 10:30:53,559 test_report.py[line: 65] INFO: '资舟投资基金R31' != '资舟投资基金R3'
- 资舟投资基金R31
?         -
+ 资舟投资基金R3

2018-07-03 10:31:09,456 test_report.py[line: 65] INFO: '资舟投资基金R31' != '资舟投资基金R3'
- 资舟投资基金R31
?         -
+ 资舟投资基金R3

2018-07-03 10:31:25,150 test_report.py[line: 65] INFO: '资舟投资基金R31' != '资舟投资基金R3'
- 资舟投资基金R31
?         -
+ 资舟投资基金R3

2018-07-03 13:12:25,453 test_apply_for.py[line: 28] INFO: 申购
2018-07-03 13:12:25,454 test_apply_for.py[line: 28] INFO: 赎回
2018-07-03 13:23:25,782 test_apply_for.py[line: 60] INFO: 'TestApplyFor' object has no attribute 'get_text'
2018-07-03 13:23:40,961 test_apply_for.py[line: 60] INFO: 'TestApplyFor' object has no attribute 'get_text'
2018-07-03 13:42:26,391 test_apply_fro.py[line: 93] INFO: '产品名称：' != ''
- 产品名称：
+ 

2018-07-03 13:42:39,095 test_apply_fro.py[line: 93] INFO: '产品名称：' != ''
- 产品名称：
+ 

2018-07-03 13:42:51,792 test_apply_fro.py[line: 93] INFO: '产品名称：' != ''
- 产品名称：
+ 

2018-07-03 13:43:37,584 test_apply_fro.py[line: 95] INFO: '产品名称：' != ''
- 产品名称：
+ 

2018-07-03 13:43:51,608 test_apply_fro.py[line: 95] INFO: '产品名称：' != ''
- 产品名称：
+ 

2018-07-03 13:44:05,292 test_apply_fro.py[line: 95] INFO: '产品名称：' != ''
- 产品名称：
+ 

2018-07-03 13:44:46,138 test_apply_fro.py[line: 95] INFO: '产品名称：' != ''
- 产品名称：
+ 

2018-07-03 13:45:00,408 test_apply_fro.py[line: 95] INFO: '产品名称：' != ''
- 产品名称：
+ 

2018-07-03 13:45:14,235 test_apply_fro.py[line: 95] INFO: '产品名称：' != ''
- 产品名称：
+ 

2018-07-03 13:46:31,661 test_apply_fro.py[line: 95] INFO: '产品名称：' != ''
- 产品名称：
+ 

2018-07-03 13:47:04,061 test_apply_fro.py[line: 95] INFO: '产品名称：' != ''
- 产品名称：
+ 

2018-07-03 13:47:17,847 test_apply_fro.py[line: 95] INFO: '产品名称：' != ''
- 产品名称：
+ 

2018-07-03 13:47:31,529 test_apply_fro.py[line: 95] INFO: '产品名称：' != ''
- 产品名称：
+ 

2018-07-03 13:47:46,425 test_apply_fro.py[line: 80] INFO: '份额确认日：' != ''
- 份额确认日：
+ 

2018-07-03 13:48:01,651 test_apply_fro.py[line: 80] INFO: '份额确认日：' != ''
- 份额确认日：
+ 

2018-07-03 13:48:16,807 test_apply_fro.py[line: 80] INFO: '份额确认日：' != ''
- 份额确认日：
+ 

2018-07-03 14:47:03,955 test_transaction.py[line: 64] INFO: 'TestTransaction' object has no attribute 'get_text'
2018-07-03 14:47:19,363 test_transaction.py[line: 64] INFO: 'TestTransaction' object has no attribute 'get_text'
2018-07-03 15:43:15,593 test_editinfo.py[line: 125] INFO: '个人中心' != '修改个人投资者基本信息'
- 个人中心
+ 修改个人投资者基本信息

2018-07-03 15:52:42,972 test_login.py[line: 121] INFO: 'bool' object has no attribute 'text'
