2018-06-25 10:01:20,711 test_editinfo.py[line: 74] INFO: list index out of range
2018-06-25 10:01:37,200 test_editinfo.py[line: 74] INFO: list index out of range
2018-06-25 10:01:53,369 test_editinfo.py[line: 74] INFO: list index out of range
2018-06-25 10:02:39,703 test_editinfo.py[line: 132] INFO: 'bool' object has no attribute 'click'
2018-06-25 15:19:51,679 test_login.py[line: 109] INFO: '必填项，不能为空1' != '必填项，不能为空'
- 必填项，不能为空1
?         -
+ 必填项，不能为空

2018-06-25 15:19:56,777 test_login.py[line: 109] INFO: '必填项，不能为空1' != '必填项，不能为空'
- 必填项，不能为空1
?         -
+ 必填项，不能为空

2018-06-25 15:20:02,369 test_login.py[line: 109] INFO: '必填项，不能为空1' != '必填项，不能为空'
- 必填项，不能为空1
?         -
+ 必填项，不能为空

2018-06-25 15:34:45,826 test_login.py[line: 109] INFO: '必填项1，不能为空' != '必填项，不能为空'
- 必填项1，不能为空
?    -
+ 必填项，不能为空

2018-06-25 15:34:50,852 test_login.py[line: 109] INFO: '必填项1，不能为空' != '必填项，不能为空'
- 必填项1，不能为空
?    -
+ 必填项，不能为空

2018-06-25 15:34:55,879 test_login.py[line: 109] INFO: '必填项1，不能为空' != '必填项，不能为空'
- 必填项1，不能为空
?    -
+ 必填项，不能为空

2018-06-25 15:37:19,729 test_login.py[line: 109] INFO: '必填项1，不能为空' != '必填项，不能为空'
- 必填项1，不能为空
?    -
+ 必填项，不能为空

2018-06-25 15:37:24,820 test_login.py[line: 109] INFO: '必填项1，不能为空' != '必填项，不能为空'
- 必填项1，不能为空
?    -
+ 必填项，不能为空

2018-06-25 15:37:29,927 test_login.py[line: 109] INFO: '必填项1，不能为空' != '必填项，不能为空'
- 必填项1，不能为空
?    -
+ 必填项，不能为空

