2018-06-28 15:58:13,826 test_editinfo.py[line: 141] INFO: 'bool' object has no attribute 'text'
2018-06-28 15:58:32,335 test_editinfo.py[line: 141] INFO:  :: 个人中心 != 修改个人投资者基本信息
2018-06-28 16:12:46,957 test_editinfo.py[line: 141] INFO: 'TestEditInfo' object has no attribute 'edit'
2018-06-28 16:12:59,616 test_editinfo.py[line: 141] INFO: 'TestEditInfo' object has no attribute 'edit'
2018-06-28 16:13:12,256 test_editinfo.py[line: 141] INFO: 'TestEditInfo' object has no attribute 'edit'
2018-06-28 17:37:42,496 test_editinfo.py[line: 141] INFO: 'bool' object has no attribute 'text'
2018-06-28 17:38:03,003 test_editinfo.py[line: 141] INFO:  :: 个人中心 != 修改个人投资者基本信息
2018-06-28 18:01:09,529 test_editinfo.py[line: 141] INFO:  :: 个人中心 != 修改个人投资者基本信息
2018-06-28 18:02:43,130 test_editinfo.py[line: 142] INFO:  :: 个人中心 != 修改个人投资者基本信息
2018-06-28 18:05:23,573 test_editinfo.py[line: 139] INFO: 邮箱格式错误，请重新输入
2018-06-28 18:05:47,340 test_editinfo.py[line: 139] INFO: 个人中心
2018-06-28 18:06:08,766 test_editinfo.py[line: 139] INFO: 固定电话格式错误，请重新输入
2018-06-28 18:06:30,081 test_editinfo.py[line: 139] INFO: 个人中心
2018-06-28 18:06:51,609 test_editinfo.py[line: 139] INFO: 邮编格式错误，请重新输入
2018-06-28 18:07:12,982 test_editinfo.py[line: 139] INFO: 个人中心
2018-06-28 18:08:06,262 test_editinfo.py[line: 142] INFO: 'bool' object has no attribute 'text'
2018-06-28 18:08:24,914 test_editinfo.py[line: 139] INFO: 修改个人投资者基本信息
2018-06-28 18:08:24,915 test_editinfo.py[line: 142] INFO:  :: 个人中心 != 修改个人投资者基本信息
2018-06-28 18:11:13,399 test_editinfo.py[line: 140] INFO: 邮箱格式错误，请重新输入
2018-06-28 18:11:36,842 test_editinfo.py[line: 140] INFO: 个人中心
2018-06-28 18:11:58,321 test_editinfo.py[line: 140] INFO: 固定电话格式错误，请重新输入
2018-06-28 18:12:19,403 test_editinfo.py[line: 140] INFO: 个人中心
2018-06-28 18:12:40,369 test_editinfo.py[line: 140] INFO: 邮编格式错误，请重新输入
2018-06-28 18:13:01,488 test_editinfo.py[line: 140] INFO: 个人中心
2018-06-28 18:13:24,664 test_editinfo.py[line: 140] INFO: 身份证格式错误，请重新输入
2018-06-28 18:13:47,764 test_editinfo.py[line: 140] INFO: 修改个人投资者基本信息
2018-06-28 18:13:47,764 test_editinfo.py[line: 143] INFO: '个人中心' != '修改个人投资者基本信息'
- 个人中心
+ 修改个人投资者基本信息

2018-06-28 18:24:45,130 test_editinfo.py[line: 140] INFO: 邮箱格式错误，请重新输入
2018-06-28 18:25:08,869 test_editinfo.py[line: 140] INFO: 个人中心
2018-06-28 18:25:32,781 test_editinfo.py[line: 140] INFO: 固定电话格式错误，请重新输入
2018-06-28 18:25:56,694 test_editinfo.py[line: 140] INFO: 个人中心
2018-06-28 18:26:20,432 test_editinfo.py[line: 140] INFO: 邮编格式错误，请重新输入
2018-06-28 18:26:44,067 test_editinfo.py[line: 140] INFO: 个人中心
2018-06-28 18:27:40,733 test_editinfo.py[line: 143] INFO: 'bool' object has no attribute 'text'
2018-06-28 18:28:01,507 test_editinfo.py[line: 140] INFO: 修改个人投资者基本信息
2018-06-28 18:28:01,507 test_editinfo.py[line: 143] INFO:  :: 个人中心 != 修改个人投资者基本信息
