2018-07-05 09:46:50,624 test_individual.py[line: 144] INFO:  :: False != True
2018-07-05 09:48:09,619 test_individual.py[line: 190] INFO:  :: False != True
2018-07-05 09:48:22,892 test_individual.py[line: 213] INFO: [Errno 2] No such file or directory: '..\\..\\..\\Download\\个人投资者.xlsx'
2018-07-05 09:49:29,170 test_individual.py[line: 236] INFO: [Errno 2] No such file or directory: '..\\..\\..\\Download\\个人投资者.xlsx'
2018-07-05 09:54:09,899 test_individual.py[line: 145] INFO:  :: False != True
2018-07-05 09:56:41,885 test_individual.py[line: 214] INFO: [Errno 2] No such file or directory: '..\\..\\..\\Download\\个人投资者.xlsx'
2018-07-05 09:58:00,610 test_individual.py[line: 145] INFO:  :: False != True
2018-07-05 09:59:15,794 test_individual.py[line: 146] INFO:  :: False != True
2018-07-05 10:05:03,944 test_individual.py[line: 145] INFO:  :: False != True
2018-07-05 10:05:42,800 test_individual.py[line: 145] INFO:  :: False != True
2018-07-05 10:06:32,169 test_individual.py[line: 145] INFO:  :: False != True
2018-07-05 10:07:16,558 test_individual.py[line: 145] INFO:  :: False != True
2018-07-05 10:07:53,639 test_individual.py[line: 145] INFO:  :: False != True
2018-07-05 10:08:20,052 test_individual.py[line: 145] INFO:  :: False != True
2018-07-05 10:13:29,143 test_individual.py[line: 145] INFO:  :: False != True
2018-07-05 10:14:50,261 test_individual.py[line: 146] INFO:  :: False != True
2018-07-05 10:17:32,485 test_individual.py[line: 242] INFO: [Errno 2] No such file or directory: '..\\Download\\个人投资者模板.xlsx'
2018-07-05 10:20:48,216 test_individual.py[line: 242] INFO: [Errno 2] No such file or directory: '..Download个人投资者.xlsx'
2018-07-05 10:22:05,592 test_individual.py[line: 242] INFO: [Errno 2] No such file or directory: '..Download个人投资者.xlsx'
2018-07-05 10:27:06,180 test_individual.py[line: 193] INFO:  :: False != True
2018-07-05 10:27:20,140 test_individual.py[line: 216] INFO:  :: 6 != 3
2018-07-05 10:28:30,401 test_individual.py[line: 239] INFO:  :: 6 != 3
2018-07-05 10:30:19,142 test_individual.py[line: 193] INFO:  :: False != True
2018-07-05 10:31:08,585 test_individual.py[line: 193] INFO:  :: False != True
2018-07-05 10:35:27,679 test_individual.py[line: 216] INFO:  :: 5 != 6
2018-07-05 10:36:37,800 test_individual.py[line: 239] INFO:  :: 5 != 6
